<?xml version="1.0" encoding="UTF-8"?>
<!-- Generated by org.testng.reporters.JUnitXMLReporter -->
<testsuite ignored="0" hostname="Hemendra" failures="0" tests="4" name="Test" time="56.311" errors="0" timestamp="2022-12-22T01:27:22 IST">
  <testcase classname="jeinkin.demo1.TestngParallelTestingDemo" name="test1" time="9.699"/>
  <testcase classname="jeinkin.demo1.TestngParallelTestingDemo" name="test2" time="15.251"/>
  <testcase classname="jeinkin.demo1.TestngParallelTestingDemo" name="test3" time="23.638"/>
  <testcase classname="jeinkin.demo1.TestngParallelTestingDemo" name="test4" time="7.491"/>
</testsuite> <!-- Test -->
