<?xml version="1.0" encoding="UTF-8"?>
<!-- Generated by org.testng.reporters.JUnitXMLReporter -->
<testsuite ignored="0" hostname="Hemendra" failures="0" tests="5" name="test.WebTables_test" time="55.791" errors="0" timestamp="2023-01-04T23:54:38 IST">
  <testcase classname="test.WebTables_test" name="clickonElements" time="2.322"/>
  <testcase classname="test.WebTables_test" name="clickonWebTablesbutton" time="1.162"/>
  <testcase classname="test.WebTables_test" name="filldetails" time="6.4"/>
  <testcase classname="test.WebTables_test" name="editdetails" time="4.769"/>
  <testcase classname="test.WebTables_test" name="matched_Data" time="2.929"/>
</testsuite> <!-- test.WebTables_test -->
