<?xml version="1.0" encoding="UTF-8"?>
<!-- Generated by org.testng.reporters.JUnitXMLReporter -->
<testsuite ignored="0" hostname="Hemendra" failures="0" tests="4" name="test.Frame_test" time="15.357" errors="0" timestamp="2023-01-04T18:04:15 IST">
  <testcase classname="test.Frame_test" name="clickonalertframebutton" time="0.12"/>
  <testcase classname="test.Frame_test" name="clickonframe" time="0.09"/>
  <testcase classname="test.Frame_test" name="enterinchildframe2" time="0.08"/>
  <testcase classname="test.Frame_test" name="enterinparentframe1" time="0.067"/>
</testsuite> <!-- test.Frame_test -->
