<?xml version="1.0" encoding="UTF-8"?>
<!-- Generated by org.testng.reporters.JUnitXMLReporter -->
<testsuite ignored="0" hostname="Hemendra" failures="0" tests="5" name="test.Tab_test" time="21.572" errors="0" timestamp="2023-01-04T18:05:49 IST">
  <testcase classname="test.Tab_test" name="clickonwidgets" time="0.118"/>
  <testcase classname="test.Tab_test" name="clickonTab" time="0.103"/>
  <testcase classname="test.Tab_test" name="gettextTab1" time="2.164"/>
  <testcase classname="test.Tab_test" name="gettextTab2" time="2.22"/>
  <testcase classname="test.Tab_test" name="gettextTab3" time="2.117"/>
</testsuite> <!-- test.Tab_test -->
