<?xml version="1.0" encoding="UTF-8"?>
<!-- Generated by org.testng.reporters.JUnitXMLReporter -->
<testsuite ignored="0" hostname="Hemendra" failures="0" tests="4" name="test.mousehower_click_test" time="19.195" errors="0" timestamp="2023-01-04T18:04:57 IST">
  <testcase classname="test.mousehower_click_test" name="clickonwidgets" time="0.101"/>
  <testcase classname="test.mousehower_click_test" name="clickonmenu" time="0.099"/>
  <testcase classname="test.mousehower_click_test" name="mousehower" time="0.164"/>
  <testcase classname="test.mousehower_click_test" name="mousehowerandclick" time="1.525"/>
</testsuite> <!-- test.mousehower_click_test -->
